{
  "RSpec": {
    "coverage": {
      "/Users/guillaumebouffard/Projects/bookmark-manager/spec/features/user_management_spec.rb": [
        1,
        1,
        1,
        null,
        1,
        1,
        2,
        1,
        null,
        null,
        1,
        2,
        1,
        1,
        null,
        null,
        1,
        2,
        2,
        1,
        null,
        null,
        null,
        1,
        1,
        2,
        null,
        null,
        null,
        null,
        1,
        1,
        1,
        1,
        1,
        null,
        null,
        1,
        1,
        1,
        1,
        1,
        null,
        null,
        null,
        1,
        1,
        1,
        null,
        null,
        null,
        null,
        1,
        1,
        1,
        1,
        1,
        null,
        null
      ],
      "/Users/guillaumebouffard/Projects/bookmark-manager/spec/features/helpers/session.rb": [
        1,
        1,
        null,
        null,
        4,
        4,
        4,
        4,
        4,
        4,
        null,
        null,
        1,
        3,
        3,
        3,
        3,
        null,
        null
      ],
      "/Users/guillaumebouffard/Projects/bookmark-manager/spec/link_spec.rb": [
        1,
        null,
        1,
        1,
        1,
        1,
        1,
        null,
        1,
        1,
        1,
        1,
        1,
        1,
        null,
        null,
        null
      ],
      "/Users/guillaumebouffard/Projects/bookmark-manager/spec/listing_all_links_spec.rb": [
        1,
        null,
        1,
        1,
        2,
        null,
        null,
        2,
        null,
        null,
        2,
        null,
        null,
        2,
        null,
        null,
        null,
        null,
        1,
        1,
        1,
        null,
        null,
        1,
        1,
        1,
        1,
        1,
        1,
        1,
        null,
        null,
        null
      ]
    },
    "timestamp": 1436381606
  }
}
